# JRE version: Java(TM) SE Runtime Environment (8.0_211-b12) (build 1.8.0_211-b12)
# Java VM: Java HotSpot(TM) 64-Bit Server VM (25.211-b12 mixed mode bsd-amd64 compressed oops)
Heap:
 PSYoungGen      total 355840K, used 326669K [0x0000000795580000, 0x00000007abb00000, 0x00000007c0000000)
  eden space 353280K, 92% used [0x0000000795580000,0x00000007a9323450,0x00000007aae80000)
  from space 2560K, 55% used [0x00000007ab100000,0x00000007ab260050,0x00000007ab380000)
  to   space 2560K, 0% used [0x00000007aae80000,0x00000007aae80000,0x00000007ab100000)
 ParOldGen       total 83968K, used 71372K [0x0000000740000000, 0x0000000745200000, 0x0000000795580000)
  object space 83968K, 84% used [0x0000000740000000,0x00000007445b3080,0x0000000745200000)
 Metaspace       used 18575K, capacity 19552K, committed 19712K, reserved 1067008K
  class space    used 2492K, capacity 2701K, committed 2816K, reserved 1048576K
GC Heap History (10 events):
Event: 1045.667 GC heap before
{Heap before GC invocations=5992 (full 72):
 PSYoungGen      total 277504K, used 277312K [0x0000000795580000, 0x00000007a8900000, 0x00000007c0000000)
  eden space 276480K, 100% used [0x0000000795580000,0x00000007a6380000,0x00000007a6380000)
  from space 1024K, 81% used [0x00000007a8500000,0x00000007a85d0030,0x00000007a8600000)
  to   space 2560K, 0% used [0x00000007a8680000,0x00000007a8680000,0x00000007a8900000)
 ParOldGen       total 83968K, used 67715K [0x0000000740000000, 0x0000000745200000, 0x0000000795580000)
  object space 83968K, 80% used [0x0000000740000000,0x0000000744220fa0,0x0000000745200000)
 Metaspace       used 18470K, capacity 19454K, committed 19584K, reserved 1067008K
  class space    used 2481K, capacity 2668K, committed 2688K, reserved 1048576K
Event: 1045.668 GC heap after
Heap after GC invocations=5992 (full 72):
 PSYoungGen      total 267264K, used 1120K [0x0000000795580000, 0x00000007a8800000, 0x00000007c0000000)
  eden space 265728K, 0% used [0x0000000795580000,0x0000000795580000,0x00000007a5900000)
  from space 1536K, 72% used [0x00000007a8680000,0x00000007a8798040,0x00000007a8800000)
  to   space 2560K, 0% used [0x00000007a8300000,0x00000007a8300000,0x00000007a8580000)
 ParOldGen       total 83968K, used 68507K [0x0000000740000000, 0x0000000745200000, 0x0000000795580000)
  object space 83968K, 81% used [0x0000000740000000,0x00000007442e6fd0,0x0000000745200000)
 Metaspace       used 18470K, capacity 19454K, committed 19584K, reserved 1067008K
  class space    used 2481K, capacity 2668K, committed 2688K, reserved 1048576K
}
Event: 1045.791 GC heap before
{Heap before GC invocations=5993 (full 72):
 PSYoungGen      total 267264K, used 266848K [0x0000000795580000, 0x00000007a8800000, 0x00000007c0000000)
  eden space 265728K, 100% used [0x0000000795580000,0x00000007a5900000,0x00000007a5900000)
  from space 1536K, 72% used [0x00000007a8680000,0x00000007a8798040,0x00000007a8800000)
  to   space 2560K, 0% used [0x00000007a8300000,0x00000007a8300000,0x00000007a8580000)
 ParOldGen       total 83968K, used 68507K [0x0000000740000000, 0x0000000745200000, 0x0000000795580000)
  object space 83968K, 81% used [0x0000000740000000,0x00000007442e6fd0,0x0000000745200000)
 Metaspace       used 18470K, capacity 19454K, committed 19584K, reserved 1067008K
  class space    used 2481K, capacity 2668K, committed 2688K, reserved 1048576K
Event: 1045.792 GC heap after
Heap after GC invocations=5993 (full 72):
 PSYoungGen      total 256512K, used 864K [0x0000000795580000, 0x00000007a8700000, 0x00000007c0000000)
  eden space 255488K, 0% used [0x0000000795580000,0x0000000795580000,0x00000007a4f00000)
  from space 1024K, 84% used [0x00000007a8300000,0x00000007a83d8030,0x00000007a8400000)
  to   space 2048K, 0% used [0x00000007a8500000,0x00000007a8500000,0x00000007a8700000)
 ParOldGen       total 83968K, used 69292K [0x0000000740000000, 0x0000000745200000, 0x0000000795580000)
  object space 83968K, 82% used [0x0000000740000000,0x00000007443ab000,0x0000000745200000)
 Metaspace       used 18470K, capacity 19454K, committed 19584K, reserved 1067008K
  class space    used 2481K, capacity 2668K, committed 2688K, reserved 1048576K
}
Event: 1045.903 GC heap before
{Heap before GC invocations=5994 (full 72):
 PSYoungGen      total 256512K, used 256352K [0x0000000795580000, 0x00000007a8700000, 0x00000007c0000000)
  eden space 255488K, 100% used [0x0000000795580000,0x00000007a4f00000,0x00000007a4f00000)
  from space 1024K, 84% used [0x00000007a8300000,0x00000007a83d8030,0x00000007a8400000)
  to   space 2048K, 0% used [0x00000007a8500000,0x00000007a8500000,0x00000007a8700000)
 ParOldGen       total 83968K, used 69292K [0x0000000740000000, 0x0000000745200000, 0x0000000795580000)
  object space 83968K, 82% used [0x0000000740000000,0x00000007443ab000,0x0000000745200000)
 Metaspace       used 18470K, capacity 19454K, committed 19584K, reserved 1067008K
  class space    used 2481K, capacity 2668K, committed 2688K, reserved 1048576K
Event: 1045.905 GC heap after
Heap after GC invocations=5994 (full 72):
 PSYoungGen      total 301056K, used 64K [0x0000000795580000, 0x00000007a8580000, 0x00000007c0000000)
  eden space 300544K, 0% used [0x0000000795580000,0x0000000795580000,0x00000007a7b00000)
  from space 512K, 12% used [0x00000007a8500000,0x00000007a8510000,0x00000007a8580000)
  to   space 2048K, 0% used [0x00000007a8180000,0x00000007a8180000,0x00000007a8380000)
 ParOldGen       total 83968K, used 70076K [0x0000000740000000, 0x0000000745200000, 0x0000000795580000)
  object space 83968K, 83% used [0x0000000740000000,0x000000074446f030,0x0000000745200000)
 Metaspace       used 18470K, capacity 19454K, committed 19584K, reserved 1067008K
  class space    used 2481K, capacity 2668K, committed 2688K, reserved 1048576K
}
Event: 1046.044 GC heap before
{Heap before GC invocations=5995 (full 72):
 PSYoungGen      total 301056K, used 300608K [0x0000000795580000, 0x00000007a8580000, 0x00000007c0000000)
  eden space 300544K, 100% used [0x0000000795580000,0x00000007a7b00000,0x00000007a7b00000)
  from space 512K, 12% used [0x00000007a8500000,0x00000007a8510000,0x00000007a8580000)
  to   space 2048K, 0% used [0x00000007a8180000,0x00000007a8180000,0x00000007a8380000)
 ParOldGen       total 83968K, used 70076K [0x0000000740000000, 0x0000000745200000, 0x0000000795580000)
  object space 83968K, 83% used [0x0000000740000000,0x000000074446f030,0x0000000745200000)
 Metaspace       used 18470K, capacity 19454K, committed 19584K, reserved 1067008K
  class space    used 2481K, capacity 2668K, committed 2688K, reserved 1048576K
Event: 1046.045 GC heap after
Heap after GC invocations=5995 (full 72):
 PSYoungGen      total 309248K, used 1376K [0x0000000795580000, 0x00000007ab380000, 0x00000007c0000000)
  eden space 307200K, 0% used [0x0000000795580000,0x0000000795580000,0x00000007a8180000)
  from space 2048K, 67% used [0x00000007a8180000,0x00000007a82d8050,0x00000007a8380000)
  to   space 2560K, 0% used [0x00000007ab100000,0x00000007ab100000,0x00000007ab380000)
 ParOldGen       total 83968K, used 70076K [0x0000000740000000, 0x0000000745200000, 0x0000000795580000)
  object space 83968K, 83% used [0x0000000740000000,0x000000074446f030,0x0000000745200000)
 Metaspace       used 18470K, capacity 19454K, committed 19584K, reserved 1067008K
  class space    used 2481K, capacity 2668K, committed 2688K, reserved 1048576K
}
Event: 1046.184 GC heap before
{Heap before GC invocations=5996 (full 72):
 PSYoungGen      total 309248K, used 308576K [0x0000000795580000, 0x00000007ab380000, 0x00000007c0000000)
  eden space 307200K, 100% used [0x0000000795580000,0x00000007a8180000,0x00000007a8180000)
  from space 2048K, 67% used [0x00000007a8180000,0x00000007a82d8050,0x00000007a8380000)
  to   space 2560K, 0% used [0x00000007ab100000,0x00000007ab100000,0x00000007ab380000)
 ParOldGen       total 83968K, used 70076K [0x0000000740000000, 0x0000000745200000, 0x0000000795580000)
  object space 83968K, 83% used [0x0000000740000000,0x000000074446f030,0x0000000745200000)
 Metaspace       used 18470K, capacity 19454K, committed 19584K, reserved 1067008K
  class space    used 2481K, capacity 2668K, committed 2688K, reserved 1048576K
Event: 1046.186 GC heap after
Heap after GC invocations=5996 (full 72):
 PSYoungGen      total 355840K, used 1408K [0x0000000795580000, 0x00000007abb00000, 0x00000007c0000000)
  eden space 353280K, 0% used [0x0000000795580000,0x0000000795580000,0x00000007aae80000)
  from space 2560K, 55% used [0x00000007ab100000,0x00000007ab260050,0x00000007ab380000)
  to   space 2560K, 0% used [0x00000007aae80000,0x00000007aae80000,0x00000007ab100000)
 ParOldGen       total 83968K, used 71372K [0x0000000740000000, 0x0000000745200000, 0x0000000795580000)
  object space 83968K, 84% used [0x0000000740000000,0x00000007445b3080,0x0000000745200000)
 Metaspace       used 18470K, capacity 19454K, committed 19584K, reserved 1067008K
  class space    used 2481K, capacity 2668K, committed 2688K, reserved 1048576K
}

